2019-03-01 14:18:10.059  INFO - [main](307).b.t.c.SpringBootTestContextBootstrapper - Neither @ContextConfiguration nor @ContextHierarchy found for test class [com.cc.JsonTest], using SpringBootContextLoader
2019-03-01 14:18:10.075  INFO - [main](264)o.s.t.c.support.AbstractContextLoader    - Could not detect default resource locations for test class [com.cc.JsonTest]: no resource found for suffixes {-context.xml, Context.groovy}.
2019-03-01 14:18:10.077  INFO - [main](81)t.c.s.AnnotationConfigContextLoaderUtils - Could not detect default configuration classes for test class [com.cc.JsonTest]: JsonTest does not declare any static, non-private, non-final, nested classes annotated with @Configuration.
2019-03-01 14:18:10.366  INFO - [main](206).b.t.c.SpringBootTestContextBootstrapper - Found @SpringBootConfiguration com.cc.Application for test class com.cc.JsonTest
2019-03-01 14:18:10.384  INFO - [main](248).b.t.c.SpringBootTestContextBootstrapper - Loaded default TestExecutionListener class names from location [META-INF/spring.factories]: [org.springframework.boot.test.mock.mockito.MockitoTestExecutionListener, org.springframework.boot.test.mock.mockito.ResetMocksTestExecutionListener, org.springframework.boot.test.autoconfigure.restdocs.RestDocsTestExecutionListener, org.springframework.boot.test.autoconfigure.web.client.MockRestServiceServerResetTestExecutionListener, org.springframework.boot.test.autoconfigure.web.servlet.MockMvcPrintOnlyOnFailureTestExecutionListener, org.springframework.boot.test.autoconfigure.web.servlet.WebDriverTestExecutionListener, org.springframework.test.context.web.ServletTestExecutionListener, org.springframework.test.context.support.DirtiesContextBeforeModesTestExecutionListener, org.springframework.test.context.support.DependencyInjectionTestExecutionListener, org.springframework.test.context.support.DirtiesContextTestExecutionListener, org.springframework.test.context.transaction.TransactionalTestExecutionListener, org.springframework.test.context.jdbc.SqlScriptsTestExecutionListener]
2019-03-01 14:18:10.436  INFO - [main](174).b.t.c.SpringBootTestContextBootstrapper - Using TestExecutionListeners: [org.springframework.test.context.web.ServletTestExecutionListener@dbdac1, org.springframework.test.context.support.DirtiesContextBeforeModesTestExecutionListener@20b53a, org.springframework.boot.test.autoconfigure.SpringBootDependencyInjectionTestExecutionListener@1809907, org.springframework.test.context.support.DirtiesContextTestExecutionListener@e1e309, org.springframework.test.context.transaction.TransactionalTestExecutionListener@ba2b86, org.springframework.test.context.jdbc.SqlScriptsTestExecutionListener@158da8e, org.springframework.boot.test.mock.mockito.MockitoTestExecutionListener@e52303, org.springframework.boot.test.mock.mockito.ResetMocksTestExecutionListener@1af7f3d, org.springframework.boot.test.autoconfigure.restdocs.RestDocsTestExecutionListener@729a55, org.springframework.boot.test.autoconfigure.web.client.MockRestServiceServerResetTestExecutionListener@1b9a3ff, org.springframework.boot.test.autoconfigure.web.servlet.MockMvcPrintOnlyOnFailureTestExecutionListener@1972b0, org.springframework.boot.test.autoconfigure.web.servlet.WebDriverTestExecutionListener@f3afd9]
2019-03-01 14:18:11.242  INFO - [main](48)com.cc.JsonTest                          - Starting JsonTest on LAPTOP-JC29VJHH with PID 16144 (started by ws_yu in E:\p\assistance\assistance)
2019-03-01 14:18:11.243 DEBUG - [main](51)com.cc.JsonTest                          - Running with Spring Boot v1.5.10.RELEASE, Spring v4.3.14.RELEASE
2019-03-01 14:18:11.243  INFO - [main](597)com.cc.JsonTest                          - The following profiles are active: prod
2019-03-01 14:18:11.331  INFO - [main](583)o.s.w.c.s.GenericWebApplicationContext   - Refreshing org.springframework.web.context.support.GenericWebApplicationContext@48bb62: startup date [Fri Mar 01 14:18:11 CST 2019]; root of context hierarchy
2019-03-01 14:18:11.872  INFO - [background-preinit](30)o.h.validator.internal.util.Version      - HV000001: Hibernate Validator 5.3.6.Final
2019-03-01 14:18:13.248  INFO - [main](165).s.d.r.c.RepositoryConfigurationDelegate - Multiple Spring Data modules found, entering strict repository configuration mode!
2019-03-01 14:18:14.240  INFO - [main](327)trationDelegate$BeanPostProcessorChecker - Bean 'shiroConfig' of type [com.cc.system.shiro.ShiroConfig$$EnhancerBySpringCGLIB$$9c207644] is not eligible for getting processed by all BeanPostProcessors (for example: not eligible for auto-proxying)
2019-03-01 14:18:14.468  INFO - [main](327)trationDelegate$BeanPostProcessorChecker - Bean 'hashedCredentialsMatcher' of type [org.apache.shiro.authc.credential.HashedCredentialsMatcher] is not eligible for getting processed by all BeanPostProcessors (for example: not eligible for auto-proxying)
2019-03-01 14:18:14.534  INFO - [main](327)trationDelegate$BeanPostProcessorChecker - Bean 'userRoleServiceImpl' of type [com.cc.system.user.service.impl.UserRoleServiceImpl] is not eligible for getting processed by all BeanPostProcessors (for example: not eligible for auto-proxying)
2019-03-01 14:18:14.545  INFO - [main](327)trationDelegate$BeanPostProcessorChecker - Bean 'roleAuthServiceImpl' of type [com.cc.system.role.service.impl.RoleAuthServiceImpl] is not eligible for getting processed by all BeanPostProcessors (for example: not eligible for auto-proxying)
2019-03-01 14:18:14.551  INFO - [main](327)trationDelegate$BeanPostProcessorChecker - Bean 'authServiceImpl' of type [com.cc.system.auth.service.impl.AuthServiceImpl] is not eligible for getting processed by all BeanPostProcessors (for example: not eligible for auto-proxying)
2019-03-01 14:18:14.552  INFO - [main](327)trationDelegate$BeanPostProcessorChecker - Bean 'userAuthServiceImpl' of type [com.cc.system.user.service.impl.UserAuthServiceImpl] is not eligible for getting processed by all BeanPostProcessors (for example: not eligible for auto-proxying)
2019-03-01 14:18:14.554  INFO - [main](327)trationDelegate$BeanPostProcessorChecker - Bean 'myRealm' of type [com.cc.system.shiro.realm.MyRealm] is not eligible for getting processed by all BeanPostProcessors (for example: not eligible for auto-proxying)
2019-03-01 14:18:14.610  INFO - [main](327)trationDelegate$BeanPostProcessorChecker - Bean 'sessionManager' of type [com.cc.system.shiro.MySessionManager] is not eligible for getting processed by all BeanPostProcessors (for example: not eligible for auto-proxying)
2019-03-01 14:18:16.259  INFO - [main](327)trationDelegate$BeanPostProcessorChecker - Bean 'securityManager' of type [org.apache.shiro.web.mgt.DefaultWebSecurityManager] is not eligible for getting processed by all BeanPostProcessors (for example: not eligible for auto-proxying)
2019-03-01 14:18:16.384  INFO - [main](327)trationDelegate$BeanPostProcessorChecker - Bean 'authorizationAttributeSourceAdvisor' of type [org.apache.shiro.spring.security.interceptor.AuthorizationAttributeSourceAdvisor] is not eligible for getting processed by all BeanPostProcessors (for example: not eligible for auto-proxying)
2019-03-01 14:18:16.478  INFO - [main](327)trationDelegate$BeanPostProcessorChecker - Bean 'org.springframework.transaction.annotation.ProxyTransactionManagementConfiguration' of type [org.springframework.transaction.annotation.ProxyTransactionManagementConfiguration$$EnhancerBySpringCGLIB$$c6357f07] is not eligible for getting processed by all BeanPostProcessors (for example: not eligible for auto-proxying)
2019-03-01 14:18:21.885  INFO - [main](534)s.w.s.m.m.a.RequestMappingHandlerAdapter - Looking for @ControllerAdvice: org.springframework.web.context.support.GenericWebApplicationContext@48bb62: startup date [Fri Mar 01 14:18:11 CST 2019]; root of context hierarchy
2019-03-01 14:18:22.087  INFO - [main](543)s.w.s.m.m.a.RequestMappingHandlerMapping - Mapped "{[/carousel/page],methods=[GET]}" onto public com.cc.common.web.Page<java.util.Map<java.lang.String, java.lang.Object>> com.cc.carousel.web.CarouselController.queryCarouselPage(com.cc.carousel.form.CarouselQueryForm)
2019-03-01 14:18:22.089  INFO - [main](543)s.w.s.m.m.a.RequestMappingHandlerMapping - Mapped "{[/carousel/click/{id:\d+}],methods=[POST]}" onto public com.cc.common.web.Response<java.lang.String> com.cc.carousel.web.CarouselController.clickCarousel(java.lang.Long)
2019-03-01 14:18:22.092  INFO - [main](543)s.w.s.m.m.a.RequestMappingHandlerMapping - Mapped "{[/carousel/add],methods=[POST]}" onto public com.cc.common.web.Response<java.lang.String> com.cc.carousel.web.CarouselController.addCarousel(java.util.Map<java.lang.String, java.lang.Object>)
2019-03-01 14:18:22.093  INFO - [main](543)s.w.s.m.m.a.RequestMappingHandlerMapping - Mapped "{[/carousel/delete/{id:\d+}],methods=[POST]}" onto public com.cc.common.web.Response<java.lang.String> com.cc.carousel.web.CarouselController.deleteCarousel(java.lang.Long)
2019-03-01 14:18:22.094  INFO - [main](543)s.w.s.m.m.a.RequestMappingHandlerMapping - Mapped "{[/carousel/get/{id:\d+}],methods=[GET]}" onto public com.cc.common.web.Response<com.cc.carousel.bean.CarouselBean> com.cc.carousel.web.CarouselController.queryCarousel(java.lang.Long)
2019-03-01 14:18:22.095  INFO - [main](543)s.w.s.m.m.a.RequestMappingHandlerMapping - Mapped "{[/carousel/down/{id:\d+}],methods=[POST]}" onto public com.cc.common.web.Response<java.lang.String> com.cc.carousel.web.CarouselController.downCarousel(java.lang.Long)
2019-03-01 14:18:22.096  INFO - [main](543)s.w.s.m.m.a.RequestMappingHandlerMapping - Mapped "{[/carousel/up/{id:\d+}],methods=[POST]}" onto public com.cc.common.web.Response<java.lang.String> com.cc.carousel.web.CarouselController.upCarousel(java.lang.Long)
2019-03-01 14:18:22.097  INFO - [main](543)s.w.s.m.m.a.RequestMappingHandlerMapping - Mapped "{[/carousel/update],methods=[POST]}" onto public com.cc.common.web.Response<java.lang.String> com.cc.carousel.web.CarouselController.updateCarousel(java.util.Map<java.lang.String, java.lang.Object>)
2019-03-01 14:18:22.102  INFO - [main](543)s.w.s.m.m.a.RequestMappingHandlerMapping - Mapped "{[/customer/register],methods=[POST]}" onto public com.cc.common.web.Response<java.lang.Object> com.cc.customer.web.CustomerController.register(java.util.Map<java.lang.String, java.lang.Object>)
2019-03-01 14:18:22.103  INFO - [main](543)s.w.s.m.m.a.RequestMappingHandlerMapping - Mapped "{[/customer/page],methods=[GET]}" onto public com.cc.common.web.Page<com.cc.customer.bean.CustomerBean> com.cc.customer.web.CustomerController.queryCustomerPage(com.cc.customer.form.CustomerQueryForm)
2019-03-01 14:18:22.104  INFO - [main](543)s.w.s.m.m.a.RequestMappingHandlerMapping - Mapped "{[/customer/info],methods=[POST]}" onto public com.cc.common.web.Response<java.lang.Object> com.cc.customer.web.CustomerController.updateCustomerInfo(java.util.Map<java.lang.String, java.lang.String>)
2019-03-01 14:18:22.105  INFO - [main](543)s.w.s.m.m.a.RequestMappingHandlerMapping - Mapped "{[/customer/info],methods=[GET]}" onto public com.cc.common.web.Response<java.lang.Object> com.cc.customer.web.CustomerController.queryCustomerInfo(com.cc.customer.form.CustomerQueryForm)
2019-03-01 14:18:22.106  INFO - [main](543)s.w.s.m.m.a.RequestMappingHandlerMapping - Mapped "{[/customer/lock/{id:\d+}],methods=[POST]}" onto public com.cc.common.web.Response<java.lang.String> com.cc.customer.web.CustomerController.lockCustomer(java.lang.Long)
2019-03-01 14:18:22.107  INFO - [main](543)s.w.s.m.m.a.RequestMappingHandlerMapping - Mapped "{[/customer/get/{id:\d+}],methods=[GET]}" onto public com.cc.common.web.Response<com.cc.customer.bean.CustomerBean> com.cc.customer.web.CustomerController.queryCustomer(java.lang.Long)
2019-03-01 14:18:22.108  INFO - [main](543)s.w.s.m.m.a.RequestMappingHandlerMapping - Mapped "{[/customer/unlock/{id:\d+}],methods=[POST]}" onto public com.cc.common.web.Response<java.lang.String> com.cc.customer.web.CustomerController.unlockCustomer(java.lang.Long)
2019-03-01 14:18:22.109  INFO - [main](543)s.w.s.m.m.a.RequestMappingHandlerMapping - Mapped "{[/customer/retailer],methods=[POST]}" onto public com.cc.common.web.Response<java.lang.Object> com.cc.customer.web.CustomerController.retailer(java.util.Map<java.lang.String, java.lang.String>)
2019-03-01 14:18:22.111  INFO - [main](543)s.w.s.m.m.a.RequestMappingHandlerMapping - Mapped "{[/interface/page],methods=[GET]}" onto public com.cc.common.web.Page<java.util.Map<java.lang.String, java.lang.Object>> com.cc.interfaces.web.InterfaceController.queryInterfacePage(com.cc.interfaces.form.InterfaceQueryForm)
2019-03-01 14:18:22.111  INFO - [main](543)s.w.s.m.m.a.RequestMappingHandlerMapping - Mapped "{[/interface/code],methods=[GET]}" onto public com.cc.common.web.Response<java.util.Map<java.lang.String, java.lang.String>> com.cc.interfaces.web.InterfaceController.queryEventType()
2019-03-01 14:18:22.114  INFO - [main](543)s.w.s.m.m.a.RequestMappingHandlerMapping - Mapped "{[/lottery/customer/page],methods=[GET]}" onto public com.cc.common.web.Page<com.cc.lottery.result.LotteryCustomerListResult> com.cc.lottery.web.LotteryController.queryLotteryCustomerPage(com.cc.lottery.form.LotteryCustomerQueryForm)
2019-03-01 14:18:22.114  INFO - [main](543)s.w.s.m.m.a.RequestMappingHandlerMapping - Mapped "{[/lottery/customer/get/{id:\d+}],methods=[GET]}" onto public com.cc.common.web.Response<com.cc.lottery.bean.LotteryCustomerBean> com.cc.lottery.web.LotteryController.queryLotteryCustomer(java.lang.Long)
2019-03-01 14:18:22.115  INFO - [main](543)s.w.s.m.m.a.RequestMappingHandlerMapping - Mapped "{[/lottery/customer/exchange],methods=[POST]}" onto public com.cc.common.web.Response<java.lang.String> com.cc.lottery.web.LotteryController.customerLotteryExchange(java.util.Map<java.lang.String, java.lang.Long>)
2019-03-01 14:18:22.116  INFO - [main](543)s.w.s.m.m.a.RequestMappingHandlerMapping - Mapped "{[/lottery/add],methods=[POST]}" onto public com.cc.common.web.Response<java.lang.Object> com.cc.lottery.web.LotteryController.addLottery(java.util.Map<java.lang.String, java.lang.Object>)
2019-03-01 14:18:22.117  INFO - [main](543)s.w.s.m.m.a.RequestMappingHandlerMapping - Mapped "{[/lottery/customer],methods=[POST]}" onto public com.cc.common.web.Response<java.lang.Object> com.cc.lottery.web.LotteryController.customerLottery(java.util.Map<java.lang.String, java.lang.Long>)
2019-03-01 14:18:22.117  INFO - [main](543)s.w.s.m.m.a.RequestMappingHandlerMapping - Mapped "{[/lottery/info],methods=[GET]}" onto public com.cc.common.web.Response<com.cc.lottery.bean.LotteryBean> com.cc.lottery.web.LotteryController.queryLottery(com.cc.lottery.form.LotteryQueryForm)
2019-03-01 14:18:22.118  INFO - [main](543)s.w.s.m.m.a.RequestMappingHandlerMapping - Mapped "{[/lottery/get/{id:\d+}],methods=[GET]}" onto public com.cc.common.web.Response<com.cc.lottery.bean.LotteryBean> com.cc.lottery.web.LotteryController.queryLottery(java.lang.Long)
2019-03-01 14:18:22.119  INFO - [main](543)s.w.s.m.m.a.RequestMappingHandlerMapping - Mapped "{[/lottery/over/{id:\d+}],methods=[POST]}" onto public com.cc.common.web.Response<java.lang.String> com.cc.lottery.web.LotteryController.overLottery(java.lang.Long)
2019-03-01 14:18:22.119  INFO - [main](543)s.w.s.m.m.a.RequestMappingHandlerMapping - Mapped "{[/lottery/page],methods=[GET]}" onto public com.cc.common.web.Page<com.cc.lottery.result.LotteryListResult> com.cc.lottery.web.LotteryController.queryLotteryPage(com.cc.lottery.form.LotteryQueryForm)
2019-03-01 14:18:22.120  INFO - [main](543)s.w.s.m.m.a.RequestMappingHandlerMapping - Mapped "{[/lottery/update],methods=[POST]}" onto public com.cc.common.web.Response<java.lang.Object> com.cc.lottery.web.LotteryController.updateLottery(java.util.Map<java.lang.String, java.lang.Object>)
2019-03-01 14:18:22.122  INFO - [main](543)s.w.s.m.m.a.RequestMappingHandlerMapping - Mapped "{[/system/auth/get/{id:\d+}],methods=[GET]}" onto public com.cc.common.web.Response<java.util.Map<java.lang.String, java.lang.Object>> com.cc.system.auth.web.AuthController.queryAuth(java.lang.Long)
2019-03-01 14:18:22.123  INFO - [main](543)s.w.s.m.m.a.RequestMappingHandlerMapping - Mapped "{[/system/auth/delete/{id:\d+}],methods=[POST]}" onto public com.cc.common.web.Response<java.lang.String> com.cc.system.auth.web.AuthController.deleteAuth(java.lang.Long)
2019-03-01 14:18:22.125  INFO - [main](543)s.w.s.m.m.a.RequestMappingHandlerMapping - Mapped "{[/system/auth/update],methods=[POST]}" onto public com.cc.common.web.Response<java.lang.String> com.cc.system.auth.web.AuthController.updateAuth(java.util.Map<java.lang.String, java.lang.String>)
2019-03-01 14:18:22.126  INFO - [main](543)s.w.s.m.m.a.RequestMappingHandlerMapping - Mapped "{[/system/auth/tree],methods=[GET]}" onto public com.cc.common.web.Tree<java.util.Map<java.lang.String, java.lang.Object>> com.cc.system.auth.web.AuthController.queryAuthTree()
2019-03-01 14:18:22.128  INFO - [main](543)s.w.s.m.m.a.RequestMappingHandlerMapping - Mapped "{[/system/auth/add],methods=[POST]}" onto public com.cc.common.web.Response<java.lang.String> com.cc.system.auth.web.AuthController.addAuth(java.util.Map<java.lang.String, java.lang.String>)
2019-03-01 14:18:22.129  INFO - [main](543)s.w.s.m.m.a.RequestMappingHandlerMapping - Mapped "{[/system/config/add],methods=[POST]}" onto public com.cc.common.web.Response<java.lang.String> com.cc.system.config.web.SystemConfigController.addProperty(java.util.Map<java.lang.String, java.lang.String>)
2019-03-01 14:18:22.130  INFO - [main](543)s.w.s.m.m.a.RequestMappingHandlerMapping - Mapped "{[/system/config/page],methods=[GET]}" onto public com.cc.common.web.Page<com.cc.system.config.bean.SystemConfigBean> com.cc.system.config.web.SystemConfigController.querySystemConfigBeanPage(com.cc.system.config.form.ConfigQueryForm)
2019-03-01 14:18:22.131  INFO - [main](543)s.w.s.m.m.a.RequestMappingHandlerMapping - Mapped "{[/system/config/],methods=[GET]}" onto public com.cc.common.web.Response<java.util.Map<java.lang.String, java.lang.Object>> com.cc.system.config.web.SystemConfigController.queryProperties()
2019-03-01 14:18:22.131  INFO - [main](543)s.w.s.m.m.a.RequestMappingHandlerMapping - Mapped "{[/system/config/delete/{id:\d+}],methods=[POST]}" onto public com.cc.common.web.Response<java.lang.String> com.cc.system.config.web.SystemConfigController.deleteUser(java.lang.Long)
2019-03-01 14:18:22.132  INFO - [main](543)s.w.s.m.m.a.RequestMappingHandlerMapping - Mapped "{[/system/config/update],methods=[POST]}" onto public com.cc.common.web.Response<java.lang.String> com.cc.system.config.web.SystemConfigController.updateProperty(java.util.Map<java.lang.String, java.lang.String>)
2019-03-01 14:18:22.134  INFO - [main](543)s.w.s.m.m.a.RequestMappingHandlerMapping - Mapped "{[/system/location/update],methods=[POST]}" onto public com.cc.common.web.Response<java.lang.String> com.cc.system.location.web.LocationController.updateLocation(java.util.Map<java.lang.String, java.lang.String>)
2019-03-01 14:18:22.134  INFO - [main](543)s.w.s.m.m.a.RequestMappingHandlerMapping - Mapped "{[/system/location/tree],methods=[GET]}" onto public com.cc.common.web.Tree<java.util.Map<java.lang.String, java.lang.Object>> com.cc.system.location.web.LocationController.queryLocationTree()
2019-03-01 14:18:22.135  INFO - [main](543)s.w.s.m.m.a.RequestMappingHandlerMapping - Mapped "{[/system/location/get/{id:\d+}],methods=[GET]}" onto public com.cc.common.web.Response<java.util.Map<java.lang.String, java.lang.Object>> com.cc.system.location.web.LocationController.queryLocation(java.lang.Long)
2019-03-01 14:18:22.136  INFO - [main](543)s.w.s.m.m.a.RequestMappingHandlerMapping - Mapped "{[/system/location/delete/{id:\d+}],methods=[POST]}" onto public com.cc.common.web.Response<java.lang.String> com.cc.system.location.web.LocationController.deleteLocation(java.lang.Long)
2019-03-01 14:18:22.136  INFO - [main](543)s.w.s.m.m.a.RequestMappingHandlerMapping - Mapped "{[/system/location/add],methods=[POST]}" onto public com.cc.common.web.Response<java.lang.String> com.cc.system.location.web.LocationController.addLocation(java.util.Map<java.lang.String, java.lang.String>)
2019-03-01 14:18:22.137  INFO - [main](543)s.w.s.m.m.a.RequestMappingHandlerMapping - Mapped "{[/system/log/get/{id:\d+}]}" onto public com.cc.common.web.Response<com.cc.system.log.bean.OperationLogBean> com.cc.system.log.web.LogController.queryOperationLog(java.lang.Long)
2019-03-01 14:18:22.138  INFO - [main](543)s.w.s.m.m.a.RequestMappingHandlerMapping - Mapped "{[/system/log/operation/page],methods=[GET]}" onto public com.cc.common.web.Page<java.util.Map<java.lang.String, java.lang.Object>> com.cc.system.log.web.LogController.queryOperationLogPage(com.cc.system.log.form.LogQueryForm)
2019-03-01 14:18:22.139  INFO - [main](543)s.w.s.m.m.a.RequestMappingHandlerMapping - Mapped "{[/system/log/module],methods=[GET]}" onto public com.cc.common.web.Response<java.util.Map<java.lang.String, java.lang.String>> com.cc.system.log.web.LogController.queryOperationLogModule()
2019-03-01 14:18:22.144  INFO - [main](543)s.w.s.m.m.a.RequestMappingHandlerMapping - Mapped "{[/system/log/operType],methods=[GET]}" onto public com.cc.common.web.Response<java.util.Map<java.lang.String, java.lang.String>> com.cc.system.log.web.LogController.queryOperationLogOperType()
2019-03-01 14:18:22.148  INFO - [main](543)s.w.s.m.m.a.RequestMappingHandlerMapping - Mapped "{[/index],methods=[GET]}" onto public com.cc.common.web.Response<java.lang.String> com.cc.system.login.web.LoginController.index()
2019-03-01 14:18:22.149  INFO - [main](543)s.w.s.m.m.a.RequestMappingHandlerMapping - Mapped "{[/key],methods=[POST]}" onto public com.cc.common.web.Response<java.lang.String> com.cc.system.login.web.LoginController.setKey(java.util.Map<java.lang.String, java.lang.String>)
2019-03-01 14:18:22.150  INFO - [main](543)s.w.s.m.m.a.RequestMappingHandlerMapping - Mapped "{[/login],methods=[POST]}" onto public com.cc.common.web.Response<java.lang.String> com.cc.system.login.web.LoginController.login(java.util.Map<java.lang.String, java.lang.String>)
2019-03-01 14:18:22.152  INFO - [main](543)s.w.s.m.m.a.RequestMappingHandlerMapping - Mapped "{[/logout],methods=[POST]}" onto public com.cc.common.web.Response<java.lang.String> com.cc.system.login.web.LoginController.logout()
2019-03-01 14:18:22.153  INFO - [main](543)s.w.s.m.m.a.RequestMappingHandlerMapping - Mapped "{[/currUserPermission],methods=[GET]}" onto public com.cc.common.web.Response<java.util.Set<java.lang.String>> com.cc.system.login.web.LoginController.queryCurrUserPermission()
2019-03-01 14:18:22.154  INFO - [main](543)s.w.s.m.m.a.RequestMappingHandlerMapping - Mapped "{[/key],methods=[GET]}" onto public com.cc.common.web.Response<java.lang.String> com.cc.system.login.web.LoginController.createRSAPublicKey()
2019-03-01 14:18:22.155  INFO - [main](543)s.w.s.m.m.a.RequestMappingHandlerMapping - Mapped "{[/currUser],methods=[GET]}" onto public com.cc.common.web.Response<com.cc.system.user.bean.UserBean> com.cc.system.login.web.LoginController.queryCurrUser()
2019-03-01 14:18:22.156  INFO - [main](543)s.w.s.m.m.a.RequestMappingHandlerMapping - Mapped "{[/keepSession],methods=[POST]}" onto public com.cc.common.web.Response<java.lang.String> com.cc.system.login.web.LoginController.keepSession()
2019-03-01 14:18:22.156  INFO - [main](543)s.w.s.m.m.a.RequestMappingHandlerMapping - Mapped "{[/],methods=[GET]}" onto public com.cc.common.web.Response<java.lang.String> com.cc.system.login.web.LoginController.unlogin()
2019-03-01 14:18:22.157  INFO - [main](543)s.w.s.m.m.a.RequestMappingHandlerMapping - Mapped "{[/unauth],methods=[GET]}" onto public com.cc.common.web.Response<java.lang.String> com.cc.system.login.web.LoginController.unauth()
2019-03-01 14:18:22.159  INFO - [main](543)s.w.s.m.m.a.RequestMappingHandlerMapping - Mapped "{[/system/role/add],methods=[POST]}" onto public com.cc.common.web.Response<java.lang.String> com.cc.system.role.web.RoleController.addRole(java.util.Map<java.lang.String, java.lang.String>)
2019-03-01 14:18:22.160  INFO - [main](543)s.w.s.m.m.a.RequestMappingHandlerMapping - Mapped "{[/system/role/delete/{id:\d+}],methods=[POST]}" onto public com.cc.common.web.Response<java.lang.String> com.cc.system.role.web.RoleController.deleteRole(java.lang.Long)
2019-03-01 14:18:22.161  INFO - [main](543)s.w.s.m.m.a.RequestMappingHandlerMapping - Mapped "{[/system/role/get/{id:\d+}],methods=[GET]}" onto public com.cc.common.web.Response<com.cc.system.role.bean.RoleBean> com.cc.system.role.web.RoleController.queryRole(java.lang.Long)
2019-03-01 14:18:22.161  INFO - [main](543)s.w.s.m.m.a.RequestMappingHandlerMapping - Mapped "{[/system/role/update],methods=[POST]}" onto public com.cc.common.web.Response<java.lang.String> com.cc.system.role.web.RoleController.updateUser(java.util.Map<java.lang.String, java.lang.String>)
2019-03-01 14:18:22.162  INFO - [main](543)s.w.s.m.m.a.RequestMappingHandlerMapping - Mapped "{[/system/role/authorize],methods=[POST]}" onto public com.cc.common.web.Response<java.lang.String> com.cc.system.role.web.RoleController.authorizeAuth(java.util.Map<java.lang.String, java.lang.Object>)
2019-03-01 14:18:22.163  INFO - [main](543)s.w.s.m.m.a.RequestMappingHandlerMapping - Mapped "{[/system/role/page],methods=[GET]}" onto public com.cc.common.web.Page<java.util.Map<java.lang.String, java.lang.Object>> com.cc.system.role.web.RoleController.queryRolePage(com.cc.system.role.form.RoleQueryForm)
2019-03-01 14:18:22.163  INFO - [main](543)s.w.s.m.m.a.RequestMappingHandlerMapping - Mapped "{[/system/role/all],methods=[GET]}" onto public com.cc.common.web.Response<java.lang.Object> com.cc.system.role.web.RoleController.queryAllRoles()
2019-03-01 14:18:22.164  INFO - [main](543)s.w.s.m.m.a.RequestMappingHandlerMapping - Mapped "{[/system/role/{roleId}/auths],methods=[GET]}" onto public com.cc.common.web.Response<java.lang.Object> com.cc.system.role.web.RoleController.queryUserRoles(java.lang.Long)
2019-03-01 14:18:22.166  INFO - [main](543)s.w.s.m.m.a.RequestMappingHandlerMapping - Mapped "{[/system/user/add],methods=[POST]}" onto public com.cc.common.web.Response<java.lang.String> com.cc.system.user.web.UserController.addUser(java.util.Map<java.lang.String, java.lang.String>)
2019-03-01 14:18:22.167  INFO - [main](543)s.w.s.m.m.a.RequestMappingHandlerMapping - Mapped "{[/system/user/setting/save],methods=[POST]}" onto public com.cc.common.web.Response<java.lang.String> com.cc.system.user.web.UserController.updateUserSetting(java.util.Map<java.lang.String, java.lang.String>)
2019-03-01 14:18:22.167  INFO - [main](543)s.w.s.m.m.a.RequestMappingHandlerMapping - Mapped "{[/system/user/delete/{id:\d+}],methods=[POST]}" onto public com.cc.common.web.Response<java.lang.String> com.cc.system.user.web.UserController.deleteUser(java.lang.Long)
2019-03-01 14:18:22.168  INFO - [main](543)s.w.s.m.m.a.RequestMappingHandlerMapping - Mapped "{[/system/user/update],methods=[POST]}" onto public com.cc.common.web.Response<java.lang.String> com.cc.system.user.web.UserController.updateUser(java.util.Map<java.lang.String, java.lang.String>)
2019-03-01 14:18:22.168  INFO - [main](543)s.w.s.m.m.a.RequestMappingHandlerMapping - Mapped "{[/system/user/{userId}/roles],methods=[GET]}" onto public com.cc.common.web.Response<java.lang.Object> com.cc.system.user.web.UserController.queryUserRoles(java.lang.Long)
2019-03-01 14:18:22.169  INFO - [main](543)s.w.s.m.m.a.RequestMappingHandlerMapping - Mapped "{[/system/user/get/{id:\d+}],methods=[GET]}" onto public com.cc.common.web.Response<com.cc.system.user.bean.UserBean> com.cc.system.user.web.UserController.queryUser(java.lang.Long)
2019-03-01 14:18:22.170  INFO - [main](543)s.w.s.m.m.a.RequestMappingHandlerMapping - Mapped "{[/system/user/page],methods=[GET]}" onto public com.cc.common.web.Page<java.util.Map<java.lang.String, java.lang.Object>> com.cc.system.user.web.UserController.queryUserPage(com.cc.system.user.form.UserQueryForm)
2019-03-01 14:18:22.170  INFO - [main](543)s.w.s.m.m.a.RequestMappingHandlerMapping - Mapped "{[/system/user/authorize],methods=[POST]}" onto public com.cc.common.web.Response<java.lang.String> com.cc.system.user.web.UserController.authorizeRole(java.util.Map<java.lang.String, java.lang.Object>)
2019-03-01 14:18:22.172  INFO - [main](543)s.w.s.m.m.a.RequestMappingHandlerMapping - Mapped "{[/wx/openid],methods=[GET]}" onto public com.cc.common.web.Response<java.lang.String> com.cc.wx.controller.WeiXinController.queryUserOpenid(com.cc.wx.form.CodeForm)
2019-03-01 14:18:22.173  INFO - [main](543)s.w.s.m.m.a.RequestMappingHandlerMapping - Mapped "{[/wx/acode],methods=[GET]}" onto public void com.cc.wx.controller.WeiXinController.createWXACode(com.cc.wx.form.WXACodeForm,javax.servlet.http.HttpServletResponse) throws java.io.IOException
2019-03-01 14:18:22.176  INFO - [main](543)s.w.s.m.m.a.RequestMappingHandlerMapping - Mapped "{[/error]}" onto public org.springframework.http.ResponseEntity<java.util.Map<java.lang.String, java.lang.Object>> org.springframework.boot.autoconfigure.web.BasicErrorController.error(javax.servlet.http.HttpServletRequest)
2019-03-01 14:18:22.176  INFO - [main](543)s.w.s.m.m.a.RequestMappingHandlerMapping - Mapped "{[/error],produces=[text/html]}" onto public org.springframework.web.servlet.ModelAndView org.springframework.boot.autoconfigure.web.BasicErrorController.errorHtml(javax.servlet.http.HttpServletRequest,javax.servlet.http.HttpServletResponse)
2019-03-01 14:18:22.357  INFO - [main](362)o.s.w.s.handler.SimpleUrlHandlerMapping  - Mapped URL path [/webjars/**] onto handler of type [class org.springframework.web.servlet.resource.ResourceHttpRequestHandler]
2019-03-01 14:18:22.358  INFO - [main](362)o.s.w.s.handler.SimpleUrlHandlerMapping  - Mapped URL path [/**] onto handler of type [class org.springframework.web.servlet.resource.ResourceHttpRequestHandler]
2019-03-01 14:18:22.522  INFO - [main](362)o.s.w.s.handler.SimpleUrlHandlerMapping  - Mapped URL path [/**/favicon.ico] onto handler of type [class org.springframework.web.servlet.resource.ResourceHttpRequestHandler]
2019-03-01 14:18:24.179  INFO - [main](57)com.cc.JsonTest                          - Started JsonTest in 13.547 seconds (JVM running for 15.158)
2019-03-01 14:18:24.376  INFO - [Thread-4](984)o.s.w.c.s.GenericWebApplicationContext   - Closing org.springframework.web.context.support.GenericWebApplicationContext@48bb62: startup date [Fri Mar 01 14:18:11 CST 2019]; root of context hierarchy
2019-03-01 14:22:13.653  INFO - [main](307).b.t.c.SpringBootTestContextBootstrapper - Neither @ContextConfiguration nor @ContextHierarchy found for test class [com.cc.JsonTest], using SpringBootContextLoader
2019-03-01 14:22:13.667  INFO - [main](264)o.s.t.c.support.AbstractContextLoader    - Could not detect default resource locations for test class [com.cc.JsonTest]: no resource found for suffixes {-context.xml, Context.groovy}.
2019-03-01 14:22:13.669  INFO - [main](81)t.c.s.AnnotationConfigContextLoaderUtils - Could not detect default configuration classes for test class [com.cc.JsonTest]: JsonTest does not declare any static, non-private, non-final, nested classes annotated with @Configuration.
2019-03-01 14:22:13.911  INFO - [main](206).b.t.c.SpringBootTestContextBootstrapper - Found @SpringBootConfiguration com.cc.Application for test class com.cc.JsonTest
2019-03-01 14:22:13.926  INFO - [main](248).b.t.c.SpringBootTestContextBootstrapper - Loaded default TestExecutionListener class names from location [META-INF/spring.factories]: [org.springframework.boot.test.mock.mockito.MockitoTestExecutionListener, org.springframework.boot.test.mock.mockito.ResetMocksTestExecutionListener, org.springframework.boot.test.autoconfigure.restdocs.RestDocsTestExecutionListener, org.springframework.boot.test.autoconfigure.web.client.MockRestServiceServerResetTestExecutionListener, org.springframework.boot.test.autoconfigure.web.servlet.MockMvcPrintOnlyOnFailureTestExecutionListener, org.springframework.boot.test.autoconfigure.web.servlet.WebDriverTestExecutionListener, org.springframework.test.context.web.ServletTestExecutionListener, org.springframework.test.context.support.DirtiesContextBeforeModesTestExecutionListener, org.springframework.test.context.support.DependencyInjectionTestExecutionListener, org.springframework.test.context.support.DirtiesContextTestExecutionListener, org.springframework.test.context.transaction.TransactionalTestExecutionListener, org.springframework.test.context.jdbc.SqlScriptsTestExecutionListener]
2019-03-01 14:22:13.971  INFO - [main](174).b.t.c.SpringBootTestContextBootstrapper - Using TestExecutionListeners: [org.springframework.test.context.web.ServletTestExecutionListener@dbdac1, org.springframework.test.context.support.DirtiesContextBeforeModesTestExecutionListener@20b53a, org.springframework.boot.test.autoconfigure.SpringBootDependencyInjectionTestExecutionListener@1809907, org.springframework.test.context.support.DirtiesContextTestExecutionListener@e1e309, org.springframework.test.context.transaction.TransactionalTestExecutionListener@ba2b86, org.springframework.test.context.jdbc.SqlScriptsTestExecutionListener@158da8e, org.springframework.boot.test.mock.mockito.MockitoTestExecutionListener@e52303, org.springframework.boot.test.mock.mockito.ResetMocksTestExecutionListener@1af7f3d, org.springframework.boot.test.autoconfigure.restdocs.RestDocsTestExecutionListener@729a55, org.springframework.boot.test.autoconfigure.web.client.MockRestServiceServerResetTestExecutionListener@1b9a3ff, org.springframework.boot.test.autoconfigure.web.servlet.MockMvcPrintOnlyOnFailureTestExecutionListener@1972b0, org.springframework.boot.test.autoconfigure.web.servlet.WebDriverTestExecutionListener@f3afd9]
2019-03-01 14:22:14.628  INFO - [main](48)com.cc.JsonTest                          - Starting JsonTest on LAPTOP-JC29VJHH with PID 12556 (started by ws_yu in E:\p\assistance\assistance)
2019-03-01 14:22:14.629 DEBUG - [main](51)com.cc.JsonTest                          - Running with Spring Boot v1.5.10.RELEASE, Spring v4.3.14.RELEASE
2019-03-01 14:22:14.629  INFO - [main](597)com.cc.JsonTest                          - The following profiles are active: prod
2019-03-01 14:22:14.707  INFO - [main](583)o.s.w.c.s.GenericWebApplicationContext   - Refreshing org.springframework.web.context.support.GenericWebApplicationContext@48bb62: startup date [Fri Mar 01 14:22:14 CST 2019]; root of context hierarchy
2019-03-01 14:22:15.142  INFO - [background-preinit](30)o.h.validator.internal.util.Version      - HV000001: Hibernate Validator 5.3.6.Final
2019-03-01 14:22:16.389  INFO - [main](165).s.d.r.c.RepositoryConfigurationDelegate - Multiple Spring Data modules found, entering strict repository configuration mode!
2019-03-01 14:22:17.254  INFO - [main](327)trationDelegate$BeanPostProcessorChecker - Bean 'shiroConfig' of type [com.cc.system.shiro.ShiroConfig$$EnhancerBySpringCGLIB$$c949b817] is not eligible for getting processed by all BeanPostProcessors (for example: not eligible for auto-proxying)
2019-03-01 14:22:17.447  INFO - [main](327)trationDelegate$BeanPostProcessorChecker - Bean 'hashedCredentialsMatcher' of type [org.apache.shiro.authc.credential.HashedCredentialsMatcher] is not eligible for getting processed by all BeanPostProcessors (for example: not eligible for auto-proxying)
2019-03-01 14:22:17.517  INFO - [main](327)trationDelegate$BeanPostProcessorChecker - Bean 'userRoleServiceImpl' of type [com.cc.system.user.service.impl.UserRoleServiceImpl] is not eligible for getting processed by all BeanPostProcessors (for example: not eligible for auto-proxying)
2019-03-01 14:22:17.523  INFO - [main](327)trationDelegate$BeanPostProcessorChecker - Bean 'roleAuthServiceImpl' of type [com.cc.system.role.service.impl.RoleAuthServiceImpl] is not eligible for getting processed by all BeanPostProcessors (for example: not eligible for auto-proxying)
2019-03-01 14:22:17.528  INFO - [main](327)trationDelegate$BeanPostProcessorChecker - Bean 'authServiceImpl' of type [com.cc.system.auth.service.impl.AuthServiceImpl] is not eligible for getting processed by all BeanPostProcessors (for example: not eligible for auto-proxying)
2019-03-01 14:22:17.529  INFO - [main](327)trationDelegate$BeanPostProcessorChecker - Bean 'userAuthServiceImpl' of type [com.cc.system.user.service.impl.UserAuthServiceImpl] is not eligible for getting processed by all BeanPostProcessors (for example: not eligible for auto-proxying)
2019-03-01 14:22:17.530  INFO - [main](327)trationDelegate$BeanPostProcessorChecker - Bean 'myRealm' of type [com.cc.system.shiro.realm.MyRealm] is not eligible for getting processed by all BeanPostProcessors (for example: not eligible for auto-proxying)
2019-03-01 14:22:17.593  INFO - [main](327)trationDelegate$BeanPostProcessorChecker - Bean 'sessionManager' of type [com.cc.system.shiro.MySessionManager] is not eligible for getting processed by all BeanPostProcessors (for example: not eligible for auto-proxying)
2019-03-01 14:22:19.062  INFO - [main](327)trationDelegate$BeanPostProcessorChecker - Bean 'securityManager' of type [org.apache.shiro.web.mgt.DefaultWebSecurityManager] is not eligible for getting processed by all BeanPostProcessors (for example: not eligible for auto-proxying)
2019-03-01 14:22:19.169  INFO - [main](327)trationDelegate$BeanPostProcessorChecker - Bean 'authorizationAttributeSourceAdvisor' of type [org.apache.shiro.spring.security.interceptor.AuthorizationAttributeSourceAdvisor] is not eligible for getting processed by all BeanPostProcessors (for example: not eligible for auto-proxying)
2019-03-01 14:22:19.247  INFO - [main](327)trationDelegate$BeanPostProcessorChecker - Bean 'org.springframework.transaction.annotation.ProxyTransactionManagementConfiguration' of type [org.springframework.transaction.annotation.ProxyTransactionManagementConfiguration$$EnhancerBySpringCGLIB$$f35ec0da] is not eligible for getting processed by all BeanPostProcessors (for example: not eligible for auto-proxying)
2019-03-01 14:22:23.830  INFO - [main](534)s.w.s.m.m.a.RequestMappingHandlerAdapter - Looking for @ControllerAdvice: org.springframework.web.context.support.GenericWebApplicationContext@48bb62: startup date [Fri Mar 01 14:22:14 CST 2019]; root of context hierarchy
2019-03-01 14:22:24.014  INFO - [main](543)s.w.s.m.m.a.RequestMappingHandlerMapping - Mapped "{[/carousel/page],methods=[GET]}" onto public com.cc.common.web.Page<java.util.Map<java.lang.String, java.lang.Object>> com.cc.carousel.web.CarouselController.queryCarouselPage(com.cc.carousel.form.CarouselQueryForm)
2019-03-01 14:22:24.016  INFO - [main](543)s.w.s.m.m.a.RequestMappingHandlerMapping - Mapped "{[/carousel/add],methods=[POST]}" onto public com.cc.common.web.Response<java.lang.String> com.cc.carousel.web.CarouselController.addCarousel(java.util.Map<java.lang.String, java.lang.Object>)
2019-03-01 14:22:24.017  INFO - [main](543)s.w.s.m.m.a.RequestMappingHandlerMapping - Mapped "{[/carousel/delete/{id:\d+}],methods=[POST]}" onto public com.cc.common.web.Response<java.lang.String> com.cc.carousel.web.CarouselController.deleteCarousel(java.lang.Long)
2019-03-01 14:22:24.018  INFO - [main](543)s.w.s.m.m.a.RequestMappingHandlerMapping - Mapped "{[/carousel/click/{id:\d+}],methods=[POST]}" onto public com.cc.common.web.Response<java.lang.String> com.cc.carousel.web.CarouselController.clickCarousel(java.lang.Long)
2019-03-01 14:22:24.019  INFO - [main](543)s.w.s.m.m.a.RequestMappingHandlerMapping - Mapped "{[/carousel/up/{id:\d+}],methods=[POST]}" onto public com.cc.common.web.Response<java.lang.String> com.cc.carousel.web.CarouselController.upCarousel(java.lang.Long)
2019-03-01 14:22:24.020  INFO - [main](543)s.w.s.m.m.a.RequestMappingHandlerMapping - Mapped "{[/carousel/get/{id:\d+}],methods=[GET]}" onto public com.cc.common.web.Response<com.cc.carousel.bean.CarouselBean> com.cc.carousel.web.CarouselController.queryCarousel(java.lang.Long)
2019-03-01 14:22:24.021  INFO - [main](543)s.w.s.m.m.a.RequestMappingHandlerMapping - Mapped "{[/carousel/down/{id:\d+}],methods=[POST]}" onto public com.cc.common.web.Response<java.lang.String> com.cc.carousel.web.CarouselController.downCarousel(java.lang.Long)
2019-03-01 14:22:24.022  INFO - [main](543)s.w.s.m.m.a.RequestMappingHandlerMapping - Mapped "{[/carousel/update],methods=[POST]}" onto public com.cc.common.web.Response<java.lang.String> com.cc.carousel.web.CarouselController.updateCarousel(java.util.Map<java.lang.String, java.lang.Object>)
2019-03-01 14:22:24.026  INFO - [main](543)s.w.s.m.m.a.RequestMappingHandlerMapping - Mapped "{[/customer/register],methods=[POST]}" onto public com.cc.common.web.Response<java.lang.Object> com.cc.customer.web.CustomerController.register(java.util.Map<java.lang.String, java.lang.Object>)
2019-03-01 14:22:24.027  INFO - [main](543)s.w.s.m.m.a.RequestMappingHandlerMapping - Mapped "{[/customer/retailer],methods=[POST]}" onto public com.cc.common.web.Response<java.lang.Object> com.cc.customer.web.CustomerController.retailer(java.util.Map<java.lang.String, java.lang.String>)
2019-03-01 14:22:24.028  INFO - [main](543)s.w.s.m.m.a.RequestMappingHandlerMapping - Mapped "{[/customer/unlock/{id:\d+}],methods=[POST]}" onto public com.cc.common.web.Response<java.lang.String> com.cc.customer.web.CustomerController.unlockCustomer(java.lang.Long)
2019-03-01 14:22:24.029  INFO - [main](543)s.w.s.m.m.a.RequestMappingHandlerMapping - Mapped "{[/customer/get/{id:\d+}],methods=[GET]}" onto public com.cc.common.web.Response<com.cc.customer.bean.CustomerBean> com.cc.customer.web.CustomerController.queryCustomer(java.lang.Long)
2019-03-01 14:22:24.029  INFO - [main](543)s.w.s.m.m.a.RequestMappingHandlerMapping - Mapped "{[/customer/lock/{id:\d+}],methods=[POST]}" onto public com.cc.common.web.Response<java.lang.String> com.cc.customer.web.CustomerController.lockCustomer(java.lang.Long)
2019-03-01 14:22:24.030  INFO - [main](543)s.w.s.m.m.a.RequestMappingHandlerMapping - Mapped "{[/customer/page],methods=[GET]}" onto public com.cc.common.web.Page<com.cc.customer.bean.CustomerBean> com.cc.customer.web.CustomerController.queryCustomerPage(com.cc.customer.form.CustomerQueryForm)
2019-03-01 14:22:24.031  INFO - [main](543)s.w.s.m.m.a.RequestMappingHandlerMapping - Mapped "{[/customer/info],methods=[POST]}" onto public com.cc.common.web.Response<java.lang.Object> com.cc.customer.web.CustomerController.updateCustomerInfo(java.util.Map<java.lang.String, java.lang.String>)
2019-03-01 14:22:24.032  INFO - [main](543)s.w.s.m.m.a.RequestMappingHandlerMapping - Mapped "{[/customer/info],methods=[GET]}" onto public com.cc.common.web.Response<java.lang.Object> com.cc.customer.web.CustomerController.queryCustomerInfo(com.cc.customer.form.CustomerQueryForm)
2019-03-01 14:22:24.033  INFO - [main](543)s.w.s.m.m.a.RequestMappingHandlerMapping - Mapped "{[/interface/code],methods=[GET]}" onto public com.cc.common.web.Response<java.util.Map<java.lang.String, java.lang.String>> com.cc.interfaces.web.InterfaceController.queryEventType()
2019-03-01 14:22:24.034  INFO - [main](543)s.w.s.m.m.a.RequestMappingHandlerMapping - Mapped "{[/interface/page],methods=[GET]}" onto public com.cc.common.web.Page<java.util.Map<java.lang.String, java.lang.Object>> com.cc.interfaces.web.InterfaceController.queryInterfacePage(com.cc.interfaces.form.InterfaceQueryForm)
2019-03-01 14:22:24.036  INFO - [main](543)s.w.s.m.m.a.RequestMappingHandlerMapping - Mapped "{[/lottery/get/{id:\d+}],methods=[GET]}" onto public com.cc.common.web.Response<com.cc.lottery.bean.LotteryBean> com.cc.lottery.web.LotteryController.queryLottery(java.lang.Long)
2019-03-01 14:22:24.037  INFO - [main](543)s.w.s.m.m.a.RequestMappingHandlerMapping - Mapped "{[/lottery/info],methods=[GET]}" onto public com.cc.common.web.Response<com.cc.lottery.bean.LotteryBean> com.cc.lottery.web.LotteryController.queryLottery(com.cc.lottery.form.LotteryQueryForm)
2019-03-01 14:22:24.038  INFO - [main](543)s.w.s.m.m.a.RequestMappingHandlerMapping - Mapped "{[/lottery/page],methods=[GET]}" onto public com.cc.common.web.Page<com.cc.lottery.result.LotteryListResult> com.cc.lottery.web.LotteryController.queryLotteryPage(com.cc.lottery.form.LotteryQueryForm)
2019-03-01 14:22:24.039  INFO - [main](543)s.w.s.m.m.a.RequestMappingHandlerMapping - Mapped "{[/lottery/update],methods=[POST]}" onto public com.cc.common.web.Response<java.lang.Object> com.cc.lottery.web.LotteryController.updateLottery(java.util.Map<java.lang.String, java.lang.Object>)
2019-03-01 14:22:24.039  INFO - [main](543)s.w.s.m.m.a.RequestMappingHandlerMapping - Mapped "{[/lottery/over/{id:\d+}],methods=[POST]}" onto public com.cc.common.web.Response<java.lang.String> com.cc.lottery.web.LotteryController.overLottery(java.lang.Long)
2019-03-01 14:22:24.040  INFO - [main](543)s.w.s.m.m.a.RequestMappingHandlerMapping - Mapped "{[/lottery/customer],methods=[POST]}" onto public com.cc.common.web.Response<java.lang.Object> com.cc.lottery.web.LotteryController.customerLottery(java.util.Map<java.lang.String, java.lang.Long>)
2019-03-01 14:22:24.041  INFO - [main](543)s.w.s.m.m.a.RequestMappingHandlerMapping - Mapped "{[/lottery/add],methods=[POST]}" onto public com.cc.common.web.Response<java.lang.Object> com.cc.lottery.web.LotteryController.addLottery(java.util.Map<java.lang.String, java.lang.Object>)
2019-03-01 14:22:24.042  INFO - [main](543)s.w.s.m.m.a.RequestMappingHandlerMapping - Mapped "{[/lottery/customer/exchange],methods=[POST]}" onto public com.cc.common.web.Response<java.lang.String> com.cc.lottery.web.LotteryController.customerLotteryExchange(java.util.Map<java.lang.String, java.lang.Long>)
2019-03-01 14:22:24.042  INFO - [main](543)s.w.s.m.m.a.RequestMappingHandlerMapping - Mapped "{[/lottery/customer/page],methods=[GET]}" onto public com.cc.common.web.Page<com.cc.lottery.result.LotteryCustomerListResult> com.cc.lottery.web.LotteryController.queryLotteryCustomerPage(com.cc.lottery.form.LotteryCustomerQueryForm)
2019-03-01 14:22:24.043  INFO - [main](543)s.w.s.m.m.a.RequestMappingHandlerMapping - Mapped "{[/lottery/customer/get/{id:\d+}],methods=[GET]}" onto public com.cc.common.web.Response<com.cc.lottery.bean.LotteryCustomerBean> com.cc.lottery.web.LotteryController.queryLotteryCustomer(java.lang.Long)
2019-03-01 14:22:24.045  INFO - [main](543)s.w.s.m.m.a.RequestMappingHandlerMapping - Mapped "{[/system/auth/add],methods=[POST]}" onto public com.cc.common.web.Response<java.lang.String> com.cc.system.auth.web.AuthController.addAuth(java.util.Map<java.lang.String, java.lang.String>)
2019-03-01 14:22:24.045  INFO - [main](543)s.w.s.m.m.a.RequestMappingHandlerMapping - Mapped "{[/system/auth/update],methods=[POST]}" onto public com.cc.common.web.Response<java.lang.String> com.cc.system.auth.web.AuthController.updateAuth(java.util.Map<java.lang.String, java.lang.String>)
2019-03-01 14:22:24.047  INFO - [main](543)s.w.s.m.m.a.RequestMappingHandlerMapping - Mapped "{[/system/auth/get/{id:\d+}],methods=[GET]}" onto public com.cc.common.web.Response<java.util.Map<java.lang.String, java.lang.Object>> com.cc.system.auth.web.AuthController.queryAuth(java.lang.Long)
2019-03-01 14:22:24.047  INFO - [main](543)s.w.s.m.m.a.RequestMappingHandlerMapping - Mapped "{[/system/auth/tree],methods=[GET]}" onto public com.cc.common.web.Tree<java.util.Map<java.lang.String, java.lang.Object>> com.cc.system.auth.web.AuthController.queryAuthTree()
2019-03-01 14:22:24.048  INFO - [main](543)s.w.s.m.m.a.RequestMappingHandlerMapping - Mapped "{[/system/auth/delete/{id:\d+}],methods=[POST]}" onto public com.cc.common.web.Response<java.lang.String> com.cc.system.auth.web.AuthController.deleteAuth(java.lang.Long)
2019-03-01 14:22:24.050  INFO - [main](543)s.w.s.m.m.a.RequestMappingHandlerMapping - Mapped "{[/system/config/add],methods=[POST]}" onto public com.cc.common.web.Response<java.lang.String> com.cc.system.config.web.SystemConfigController.addProperty(java.util.Map<java.lang.String, java.lang.String>)
2019-03-01 14:22:24.051  INFO - [main](543)s.w.s.m.m.a.RequestMappingHandlerMapping - Mapped "{[/system/config/page],methods=[GET]}" onto public com.cc.common.web.Page<com.cc.system.config.bean.SystemConfigBean> com.cc.system.config.web.SystemConfigController.querySystemConfigBeanPage(com.cc.system.config.form.ConfigQueryForm)
2019-03-01 14:22:24.051  INFO - [main](543)s.w.s.m.m.a.RequestMappingHandlerMapping - Mapped "{[/system/config/],methods=[GET]}" onto public com.cc.common.web.Response<java.util.Map<java.lang.String, java.lang.Object>> com.cc.system.config.web.SystemConfigController.queryProperties()
2019-03-01 14:22:24.052  INFO - [main](543)s.w.s.m.m.a.RequestMappingHandlerMapping - Mapped "{[/system/config/delete/{id:\d+}],methods=[POST]}" onto public com.cc.common.web.Response<java.lang.String> com.cc.system.config.web.SystemConfigController.deleteUser(java.lang.Long)
2019-03-01 14:22:24.053  INFO - [main](543)s.w.s.m.m.a.RequestMappingHandlerMapping - Mapped "{[/system/config/update],methods=[POST]}" onto public com.cc.common.web.Response<java.lang.String> com.cc.system.config.web.SystemConfigController.updateProperty(java.util.Map<java.lang.String, java.lang.String>)
2019-03-01 14:22:24.055  INFO - [main](543)s.w.s.m.m.a.RequestMappingHandlerMapping - Mapped "{[/system/location/update],methods=[POST]}" onto public com.cc.common.web.Response<java.lang.String> com.cc.system.location.web.LocationController.updateLocation(java.util.Map<java.lang.String, java.lang.String>)
2019-03-01 14:22:24.056  INFO - [main](543)s.w.s.m.m.a.RequestMappingHandlerMapping - Mapped "{[/system/location/delete/{id:\d+}],methods=[POST]}" onto public com.cc.common.web.Response<java.lang.String> com.cc.system.location.web.LocationController.deleteLocation(java.lang.Long)
2019-03-01 14:22:24.057  INFO - [main](543)s.w.s.m.m.a.RequestMappingHandlerMapping - Mapped "{[/system/location/get/{id:\d+}],methods=[GET]}" onto public com.cc.common.web.Response<java.util.Map<java.lang.String, java.lang.Object>> com.cc.system.location.web.LocationController.queryLocation(java.lang.Long)
2019-03-01 14:22:24.057  INFO - [main](543)s.w.s.m.m.a.RequestMappingHandlerMapping - Mapped "{[/system/location/add],methods=[POST]}" onto public com.cc.common.web.Response<java.lang.String> com.cc.system.location.web.LocationController.addLocation(java.util.Map<java.lang.String, java.lang.String>)
2019-03-01 14:22:24.058  INFO - [main](543)s.w.s.m.m.a.RequestMappingHandlerMapping - Mapped "{[/system/location/tree],methods=[GET]}" onto public com.cc.common.web.Tree<java.util.Map<java.lang.String, java.lang.Object>> com.cc.system.location.web.LocationController.queryLocationTree()
2019-03-01 14:22:24.059  INFO - [main](543)s.w.s.m.m.a.RequestMappingHandlerMapping - Mapped "{[/system/log/operType],methods=[GET]}" onto public com.cc.common.web.Response<java.util.Map<java.lang.String, java.lang.String>> com.cc.system.log.web.LogController.queryOperationLogOperType()
2019-03-01 14:22:24.060  INFO - [main](543)s.w.s.m.m.a.RequestMappingHandlerMapping - Mapped "{[/system/log/module],methods=[GET]}" onto public com.cc.common.web.Response<java.util.Map<java.lang.String, java.lang.String>> com.cc.system.log.web.LogController.queryOperationLogModule()
2019-03-01 14:22:24.060  INFO - [main](543)s.w.s.m.m.a.RequestMappingHandlerMapping - Mapped "{[/system/log/get/{id:\d+}]}" onto public com.cc.common.web.Response<com.cc.system.log.bean.OperationLogBean> com.cc.system.log.web.LogController.queryOperationLog(java.lang.Long)
2019-03-01 14:22:24.061  INFO - [main](543)s.w.s.m.m.a.RequestMappingHandlerMapping - Mapped "{[/system/log/operation/page],methods=[GET]}" onto public com.cc.common.web.Page<java.util.Map<java.lang.String, java.lang.Object>> com.cc.system.log.web.LogController.queryOperationLogPage(com.cc.system.log.form.LogQueryForm)
2019-03-01 14:22:24.069  INFO - [main](543)s.w.s.m.m.a.RequestMappingHandlerMapping - Mapped "{[/index],methods=[GET]}" onto public com.cc.common.web.Response<java.lang.String> com.cc.system.login.web.LoginController.index()
2019-03-01 14:22:24.070  INFO - [main](543)s.w.s.m.m.a.RequestMappingHandlerMapping - Mapped "{[/key],methods=[POST]}" onto public com.cc.common.web.Response<java.lang.String> com.cc.system.login.web.LoginController.setKey(java.util.Map<java.lang.String, java.lang.String>)
2019-03-01 14:22:24.070  INFO - [main](543)s.w.s.m.m.a.RequestMappingHandlerMapping - Mapped "{[/logout],methods=[POST]}" onto public com.cc.common.web.Response<java.lang.String> com.cc.system.login.web.LoginController.logout()
2019-03-01 14:22:24.071  INFO - [main](543)s.w.s.m.m.a.RequestMappingHandlerMapping - Mapped "{[/login],methods=[POST]}" onto public com.cc.common.web.Response<java.lang.String> com.cc.system.login.web.LoginController.login(java.util.Map<java.lang.String, java.lang.String>)
2019-03-01 14:22:24.072  INFO - [main](543)s.w.s.m.m.a.RequestMappingHandlerMapping - Mapped "{[/],methods=[GET]}" onto public com.cc.common.web.Response<java.lang.String> com.cc.system.login.web.LoginController.unlogin()
2019-03-01 14:22:24.072  INFO - [main](543)s.w.s.m.m.a.RequestMappingHandlerMapping - Mapped "{[/unauth],methods=[GET]}" onto public com.cc.common.web.Response<java.lang.String> com.cc.system.login.web.LoginController.unauth()
2019-03-01 14:22:24.073  INFO - [main](543)s.w.s.m.m.a.RequestMappingHandlerMapping - Mapped "{[/currUser],methods=[GET]}" onto public com.cc.common.web.Response<com.cc.system.user.bean.UserBean> com.cc.system.login.web.LoginController.queryCurrUser()
2019-03-01 14:22:24.074  INFO - [main](543)s.w.s.m.m.a.RequestMappingHandlerMapping - Mapped "{[/keepSession],methods=[POST]}" onto public com.cc.common.web.Response<java.lang.String> com.cc.system.login.web.LoginController.keepSession()
2019-03-01 14:22:24.074  INFO - [main](543)s.w.s.m.m.a.RequestMappingHandlerMapping - Mapped "{[/currUserPermission],methods=[GET]}" onto public com.cc.common.web.Response<java.util.Set<java.lang.String>> com.cc.system.login.web.LoginController.queryCurrUserPermission()
2019-03-01 14:22:24.075  INFO - [main](543)s.w.s.m.m.a.RequestMappingHandlerMapping - Mapped "{[/key],methods=[GET]}" onto public com.cc.common.web.Response<java.lang.String> com.cc.system.login.web.LoginController.createRSAPublicKey()
2019-03-01 14:22:24.077  INFO - [main](543)s.w.s.m.m.a.RequestMappingHandlerMapping - Mapped "{[/system/role/add],methods=[POST]}" onto public com.cc.common.web.Response<java.lang.String> com.cc.system.role.web.RoleController.addRole(java.util.Map<java.lang.String, java.lang.String>)
2019-03-01 14:22:24.078  INFO - [main](543)s.w.s.m.m.a.RequestMappingHandlerMapping - Mapped "{[/system/role/delete/{id:\d+}],methods=[POST]}" onto public com.cc.common.web.Response<java.lang.String> com.cc.system.role.web.RoleController.deleteRole(java.lang.Long)
2019-03-01 14:22:24.078  INFO - [main](543)s.w.s.m.m.a.RequestMappingHandlerMapping - Mapped "{[/system/role/page],methods=[GET]}" onto public com.cc.common.web.Page<java.util.Map<java.lang.String, java.lang.Object>> com.cc.system.role.web.RoleController.queryRolePage(com.cc.system.role.form.RoleQueryForm)
2019-03-01 14:22:24.079  INFO - [main](543)s.w.s.m.m.a.RequestMappingHandlerMapping - Mapped "{[/system/role/update],methods=[POST]}" onto public com.cc.common.web.Response<java.lang.String> com.cc.system.role.web.RoleController.updateUser(java.util.Map<java.lang.String, java.lang.String>)
2019-03-01 14:22:24.080  INFO - [main](543)s.w.s.m.m.a.RequestMappingHandlerMapping - Mapped "{[/system/role/get/{id:\d+}],methods=[GET]}" onto public com.cc.common.web.Response<com.cc.system.role.bean.RoleBean> com.cc.system.role.web.RoleController.queryRole(java.lang.Long)
2019-03-01 14:22:24.080  INFO - [main](543)s.w.s.m.m.a.RequestMappingHandlerMapping - Mapped "{[/system/role/authorize],methods=[POST]}" onto public com.cc.common.web.Response<java.lang.String> com.cc.system.role.web.RoleController.authorizeAuth(java.util.Map<java.lang.String, java.lang.Object>)
2019-03-01 14:22:24.081  INFO - [main](543)s.w.s.m.m.a.RequestMappingHandlerMapping - Mapped "{[/system/role/{roleId}/auths],methods=[GET]}" onto public com.cc.common.web.Response<java.lang.Object> com.cc.system.role.web.RoleController.queryUserRoles(java.lang.Long)
2019-03-01 14:22:24.082  INFO - [main](543)s.w.s.m.m.a.RequestMappingHandlerMapping - Mapped "{[/system/role/all],methods=[GET]}" onto public com.cc.common.web.Response<java.lang.Object> com.cc.system.role.web.RoleController.queryAllRoles()
2019-03-01 14:22:24.084  INFO - [main](543)s.w.s.m.m.a.RequestMappingHandlerMapping - Mapped "{[/system/user/add],methods=[POST]}" onto public com.cc.common.web.Response<java.lang.String> com.cc.system.user.web.UserController.addUser(java.util.Map<java.lang.String, java.lang.String>)
2019-03-01 14:22:24.085  INFO - [main](543)s.w.s.m.m.a.RequestMappingHandlerMapping - Mapped "{[/system/user/delete/{id:\d+}],methods=[POST]}" onto public com.cc.common.web.Response<java.lang.String> com.cc.system.user.web.UserController.deleteUser(java.lang.Long)
2019-03-01 14:22:24.086  INFO - [main](543)s.w.s.m.m.a.RequestMappingHandlerMapping - Mapped "{[/system/user/update],methods=[POST]}" onto public com.cc.common.web.Response<java.lang.String> com.cc.system.user.web.UserController.updateUser(java.util.Map<java.lang.String, java.lang.String>)
2019-03-01 14:22:24.087  INFO - [main](543)s.w.s.m.m.a.RequestMappingHandlerMapping - Mapped "{[/system/user/{userId}/roles],methods=[GET]}" onto public com.cc.common.web.Response<java.lang.Object> com.cc.system.user.web.UserController.queryUserRoles(java.lang.Long)
2019-03-01 14:22:24.087  INFO - [main](543)s.w.s.m.m.a.RequestMappingHandlerMapping - Mapped "{[/system/user/authorize],methods=[POST]}" onto public com.cc.common.web.Response<java.lang.String> com.cc.system.user.web.UserController.authorizeRole(java.util.Map<java.lang.String, java.lang.Object>)
2019-03-01 14:22:24.088  INFO - [main](543)s.w.s.m.m.a.RequestMappingHandlerMapping - Mapped "{[/system/user/get/{id:\d+}],methods=[GET]}" onto public com.cc.common.web.Response<com.cc.system.user.bean.UserBean> com.cc.system.user.web.UserController.queryUser(java.lang.Long)
2019-03-01 14:22:24.089  INFO - [main](543)s.w.s.m.m.a.RequestMappingHandlerMapping - Mapped "{[/system/user/page],methods=[GET]}" onto public com.cc.common.web.Page<java.util.Map<java.lang.String, java.lang.Object>> com.cc.system.user.web.UserController.queryUserPage(com.cc.system.user.form.UserQueryForm)
2019-03-01 14:22:24.089  INFO - [main](543)s.w.s.m.m.a.RequestMappingHandlerMapping - Mapped "{[/system/user/setting/save],methods=[POST]}" onto public com.cc.common.web.Response<java.lang.String> com.cc.system.user.web.UserController.updateUserSetting(java.util.Map<java.lang.String, java.lang.String>)
2019-03-01 14:22:24.090  INFO - [main](543)s.w.s.m.m.a.RequestMappingHandlerMapping - Mapped "{[/wx/acode],methods=[GET]}" onto public void com.cc.wx.controller.WeiXinController.createWXACode(com.cc.wx.form.WXACodeForm,javax.servlet.http.HttpServletResponse) throws java.io.IOException
2019-03-01 14:22:24.091  INFO - [main](543)s.w.s.m.m.a.RequestMappingHandlerMapping - Mapped "{[/wx/openid],methods=[GET]}" onto public com.cc.common.web.Response<java.lang.String> com.cc.wx.controller.WeiXinController.queryUserOpenid(com.cc.wx.form.CodeForm)
2019-03-01 14:22:24.094  INFO - [main](543)s.w.s.m.m.a.RequestMappingHandlerMapping - Mapped "{[/error]}" onto public org.springframework.http.ResponseEntity<java.util.Map<java.lang.String, java.lang.Object>> org.springframework.boot.autoconfigure.web.BasicErrorController.error(javax.servlet.http.HttpServletRequest)
2019-03-01 14:22:24.095  INFO - [main](543)s.w.s.m.m.a.RequestMappingHandlerMapping - Mapped "{[/error],produces=[text/html]}" onto public org.springframework.web.servlet.ModelAndView org.springframework.boot.autoconfigure.web.BasicErrorController.errorHtml(javax.servlet.http.HttpServletRequest,javax.servlet.http.HttpServletResponse)
2019-03-01 14:22:24.228  INFO - [main](362)o.s.w.s.handler.SimpleUrlHandlerMapping  - Mapped URL path [/webjars/**] onto handler of type [class org.springframework.web.servlet.resource.ResourceHttpRequestHandler]
2019-03-01 14:22:24.229  INFO - [main](362)o.s.w.s.handler.SimpleUrlHandlerMapping  - Mapped URL path [/**] onto handler of type [class org.springframework.web.servlet.resource.ResourceHttpRequestHandler]
2019-03-01 14:22:24.397  INFO - [main](362)o.s.w.s.handler.SimpleUrlHandlerMapping  - Mapped URL path [/**/favicon.ico] onto handler of type [class org.springframework.web.servlet.resource.ResourceHttpRequestHandler]
2019-03-01 14:22:25.750  INFO - [main](57)com.cc.JsonTest                          - Started JsonTest in 11.613 seconds (JVM running for 12.977)
2019-03-01 14:22:25.916  INFO - [Thread-4](984)o.s.w.c.s.GenericWebApplicationContext   - Closing org.springframework.web.context.support.GenericWebApplicationContext@48bb62: startup date [Fri Mar 01 14:22:14 CST 2019]; root of context hierarchy
